{
  "RSpec": {
    "coverage": {
      "/home/jmervine/Development/httperfrb/lib/httperf.rb": [
        null,
        1,
        1,
        1,
        null,
        1,
        1,
        null,
        1,
        1,
        null,
        null,
        null,
        1,
        null,
        null,
        1,
        null,
        null,
        1,
        1,
        null,
        null,
        null,
        null,
        null,
        null,
        null,
        null,
        null,
        null,
        null,
        null,
        null,
        null,
        null,
        null,
        null,
        null,
        null,
        null,
        null,
        null,
        null,
        null,
        null,
        null,
        null,
        null,
        null,
        null,
        null,
        null,
        null,
        null,
        null,
        null,
        null,
        null,
        null,
        null,
        null,
        null,
        null,
        null,
        null,
        1,
        30,
        30,
        16,
        16,
        null,
        15,
        15,
        null,
        14,
        14,
        14,
        null,
        14,
        17,
        17,
        17,
        17,
        null,
        null,
        null,
        28,
        44,
        null,
        27,
        27,
        25,
        25,
        null,
        2,
        2,
        2,
        null,
        null,
        null,
        null,
        1,
        1,
        null,
        null,
        null,
        null,
        null,
        1,
        3,
        3,
        3,
        3,
        3,
        3,
        null,
        3,
        3,
        1,
        null,
        2,
        null,
        null,
        0,
        null,
        null,
        null,
        null,
        1,
        2,
        1,
        1,
        1,
        null,
        null,
        null,
        1,
        1,
        0,
        null,
        1,
        null,
        null,
        null,
        null,
        1,
        1,
        null,
        null,
        null,
        null,
        1,
        10,
        null,
        null,
        1,
        null,
        1,
        10,
        10,
        370,
        null,
        10,
        10,
        10,
        null,
        null,
        null,
        1,
        null,
        null,
        null,
        null,
        null,
        null,
        null,
        null,
        null,
        null,
        null,
        null,
        null,
        null,
        null,
        null,
        null,
        null,
        null,
        null,
        null,
        null,
        null,
        null,
        null,
        null,
        null,
        null,
        null,
        null,
        null,
        null,
        null,
        null,
        null,
        null,
        null,
        null,
        71,
        null,
        null,
        null,
        null
      ],
      "/home/jmervine/Development/httperfrb/lib/httperf/parser.rb": [
        1,
        null,
        null,
        null,
        null,
        1,
        null,
        null,
        null,
        1,
        null,
        61,
        61,
        null,
        null,
        null,
        null,
        null,
        61,
        61,
        null,
        61,
        null,
        4235,
        900,
        900,
        null,
        null,
        3335,
        3335,
        2960,
        2960,
        148000,
        3050,
        3050,
        null,
        null,
        null,
        null,
        null,
        61,
        9,
        54,
        null,
        9,
        9,
        null,
        null,
        61,
        9,
        null,
        52,
        null,
        null,
        61,
        null,
        null,
        1,
        null,
        1,
        4235,
        null,
        null,
        1,
        null,
        null,
        null,
        null,
        null,
        null,
        null,
        null,
        null,
        null,
        null,
        null,
        null,
        null,
        null,
        null,
        null,
        null,
        null,
        null,
        null,
        null,
        null,
        null,
        null,
        null,
        null,
        null,
        null,
        null,
        null,
        null,
        null,
        null,
        null,
        null,
        null,
        null,
        null,
        null,
        null,
        null,
        null,
        null,
        null,
        null,
        null,
        null,
        null,
        null,
        null,
        null,
        null,
        null,
        null,
        null,
        null,
        null,
        null,
        null,
        null,
        null,
        null,
        null,
        null,
        null,
        null,
        null,
        null,
        null,
        null,
        null,
        null,
        null,
        null,
        null,
        null,
        null,
        null,
        null,
        3021,
        null,
        null,
        null,
        1,
        18,
        null,
        null,
        1,
        1,
        54,
        null,
        0,
        null,
        0,
        null,
        28782,
        null,
        null,
        null,
        null,
        null,
        null
      ]
    },
    "timestamp": 1362171007
  }
}
