{
  "RSpec": {
    "coverage": {
      "/home/jmervine/Development/httperfrb/lib/httperf.rb": [
        1,
        1,
        null,
        null,
        null,
        null,
        null,
        1,
        4,
        7,
        null,
        3,
        3,
        3,
        3,
        null,
        0,
        0,
        0,
        null,
        null,
        null,
        null,
        1,
        0,
        null,
        null,
        null,
        1,
        0,
        null,
        null,
        null,
        null,
        1,
        1,
        null,
        null,
        1,
        1,
        1,
        1,
        37,
        null,
        1,
        null,
        null,
        1,
        null,
        null,
        null,
        null,
        null,
        null,
        null,
        null,
        null,
        null,
        null,
        null,
        null,
        null,
        null,
        null,
        null,
        null,
        null,
        null,
        null,
        null,
        null,
        null,
        null,
        null,
        null,
        null,
        null,
        null,
        null,
        null,
        null,
        null,
        null,
        null,
        null,
        null,
        10,
        null,
        null,
        null,
        null
      ]
    },
    "timestamp": 1343288534
  }
}
